12:49:24,242 DEBUG io.github.bonigarcia.wdm.WebDriverManager<strong>{1}</strong>:264 - Using chromedriver 2.46 (latest value previously resolved, stored as Java preferences and valid until 2019-12-04 13:22:14)
12:49:24,882 DEBUG io.github.bonigarcia.wdm.WebDriverManager<strong>{1}</strong>:519 - Driver chromedriver 2.46 found in cache
12:49:24,883  INFO io.github.bonigarcia.wdm.WebDriverManager<strong>{1}</strong>:939 - Exporting webdriver.chrome.driver as /home/parvathavarthini/.m2/repository/webdriver/chromedriver/linux64/2.46/chromedriver
12:52:00,434 DEBUG freemarker.cache<strong>{1}</strong>:45 - Couldn't find template in cache for "index.ftl"("en", UTF-8, parsed); will try to load it.
12:52:00,436 DEBUG freemarker.cache<strong>{1}</strong>:45 - TemplateLoader.findTemplateSource("index_en.ftl"): Not found
12:52:00,437 DEBUG freemarker.cache<strong>{1}</strong>:45 - TemplateLoader.findTemplateSource("index.ftl"): Found
12:52:00,437 DEBUG freemarker.cache<strong>{1}</strong>:45 - Loading template for "index.ftl"("en", UTF-8, parsed) from "jar:file:/home/parvathavarthini/.gradle/caches/modules-2/files-2.1/com.aventstack/extentreports/3.1.1/36ce19ec9fe381bc0c0574857fa6dbb332c87858/extentreports-3.1.1.jar!/com/aventstack/extentreports/view/html-report/index.ftl"
12:52:00,612 DEBUG freemarker.cache<strong>{1}</strong>:45 - Couldn't find template in cache for "head.ftl"("en", UTF-8, parsed); will try to load it.
12:52:00,612 DEBUG freemarker.cache<strong>{1}</strong>:45 - TemplateLoader.findTemplateSource("head_en.ftl"): Not found
12:52:00,613 DEBUG freemarker.cache<strong>{1}</strong>:45 - TemplateLoader.findTemplateSource("head.ftl"): Found
12:52:00,613 DEBUG freemarker.cache<strong>{1}</strong>:45 - Loading template for "head.ftl"("en", UTF-8, parsed) from "jar:file:/home/parvathavarthini/.gradle/caches/modules-2/files-2.1/com.aventstack/extentreports/3.1.1/36ce19ec9fe381bc0c0574857fa6dbb332c87858/extentreports-3.1.1.jar!/com/aventstack/extentreports/view/html-report/head.ftl"
12:52:00,632 DEBUG freemarker.cache<strong>{1}</strong>:45 - Couldn't find template in cache for "nav.ftl"("en", UTF-8, parsed); will try to load it.
12:52:00,633 DEBUG freemarker.cache<strong>{1}</strong>:45 - TemplateLoader.findTemplateSource("nav_en.ftl"): Not found
12:52:00,633 DEBUG freemarker.cache<strong>{1}</strong>:45 - TemplateLoader.findTemplateSource("nav.ftl"): Found
12:52:00,633 DEBUG freemarker.cache<strong>{1}</strong>:45 - Loading template for "nav.ftl"("en", UTF-8, parsed) from "jar:file:/home/parvathavarthini/.gradle/caches/modules-2/files-2.1/com.aventstack/extentreports/3.1.1/36ce19ec9fe381bc0c0574857fa6dbb332c87858/extentreports-3.1.1.jar!/com/aventstack/extentreports/view/html-report/nav.ftl"
12:52:00,638 DEBUG freemarker.cache<strong>{1}</strong>:45 - Couldn't find template in cache for "test-view/test-view.ftl"("en", UTF-8, parsed); will try to load it.
12:52:00,639 DEBUG freemarker.cache<strong>{1}</strong>:45 - TemplateLoader.findTemplateSource("test-view/test-view_en.ftl"): Not found
12:52:00,640 DEBUG freemarker.cache<strong>{1}</strong>:45 - TemplateLoader.findTemplateSource("test-view/test-view.ftl"): Found
12:52:00,640 DEBUG freemarker.cache<strong>{1}</strong>:45 - Loading template for "test-view/test-view.ftl"("en", UTF-8, parsed) from "jar:file:/home/parvathavarthini/.gradle/caches/modules-2/files-2.1/com.aventstack/extentreports/3.1.1/36ce19ec9fe381bc0c0574857fa6dbb332c87858/extentreports-3.1.1.jar!/com/aventstack/extentreports/view/html-report/test-view/test-view.ftl"
12:52:00,645 DEBUG freemarker.cache<strong>{1}</strong>:45 - Couldn't find template in cache for "test-view/test-view-charts.ftl"("en", UTF-8, parsed); will try to load it.
12:52:00,645 DEBUG freemarker.cache<strong>{1}</strong>:45 - TemplateLoader.findTemplateSource("test-view/test-view-charts_en.ftl"): Not found
12:52:00,645 DEBUG freemarker.cache<strong>{1}</strong>:45 - TemplateLoader.findTemplateSource("test-view/test-view-charts.ftl"): Found
12:52:00,646 DEBUG freemarker.cache<strong>{1}</strong>:45 - Loading template for "test-view/test-view-charts.ftl"("en", UTF-8, parsed) from "jar:file:/home/parvathavarthini/.gradle/caches/modules-2/files-2.1/com.aventstack/extentreports/3.1.1/36ce19ec9fe381bc0c0574857fa6dbb332c87858/extentreports-3.1.1.jar!/com/aventstack/extentreports/view/html-report/test-view/test-view-charts.ftl"
12:52:00,652 DEBUG freemarker.cache<strong>{1}</strong>:45 - Couldn't find template in cache for "test-view/bdd.ftl"("en", UTF-8, parsed); will try to load it.
12:52:00,652 DEBUG freemarker.cache<strong>{1}</strong>:45 - TemplateLoader.findTemplateSource("test-view/bdd_en.ftl"): Not found
12:52:00,653 DEBUG freemarker.cache<strong>{1}</strong>:45 - TemplateLoader.findTemplateSource("test-view/bdd.ftl"): Found
12:52:00,653 DEBUG freemarker.cache<strong>{1}</strong>:45 - Loading template for "test-view/bdd.ftl"("en", UTF-8, parsed) from "jar:file:/home/parvathavarthini/.gradle/caches/modules-2/files-2.1/com.aventstack/extentreports/3.1.1/36ce19ec9fe381bc0c0574857fa6dbb332c87858/extentreports-3.1.1.jar!/com/aventstack/extentreports/view/html-report/test-view/bdd.ftl"
12:52:00,675 DEBUG freemarker.cache<strong>{1}</strong>:45 - Couldn't find template in cache for "category-view/category-view.ftl"("en", UTF-8, parsed); will try to load it.
12:52:00,675 DEBUG freemarker.cache<strong>{1}</strong>:45 - TemplateLoader.findTemplateSource("category-view/category-view_en.ftl"): Not found
12:52:00,676 DEBUG freemarker.cache<strong>{1}</strong>:45 - TemplateLoader.findTemplateSource("category-view/category-view.ftl"): Found
12:52:00,676 DEBUG freemarker.cache<strong>{1}</strong>:45 - Loading template for "category-view/category-view.ftl"("en", UTF-8, parsed) from "jar:file:/home/parvathavarthini/.gradle/caches/modules-2/files-2.1/com.aventstack/extentreports/3.1.1/36ce19ec9fe381bc0c0574857fa6dbb332c87858/extentreports-3.1.1.jar!/com/aventstack/extentreports/view/html-report/category-view/category-view.ftl"
12:52:00,679 DEBUG freemarker.cache<strong>{1}</strong>:45 - Couldn't find template in cache for "author-view/author-view.ftl"("en", UTF-8, parsed); will try to load it.
12:52:00,679 DEBUG freemarker.cache<strong>{1}</strong>:45 - TemplateLoader.findTemplateSource("author-view/author-view_en.ftl"): Not found
12:52:00,679 DEBUG freemarker.cache<strong>{1}</strong>:45 - TemplateLoader.findTemplateSource("author-view/author-view.ftl"): Found
12:52:00,679 DEBUG freemarker.cache<strong>{1}</strong>:45 - Loading template for "author-view/author-view.ftl"("en", UTF-8, parsed) from "jar:file:/home/parvathavarthini/.gradle/caches/modules-2/files-2.1/com.aventstack/extentreports/3.1.1/36ce19ec9fe381bc0c0574857fa6dbb332c87858/extentreports-3.1.1.jar!/com/aventstack/extentreports/view/html-report/author-view/author-view.ftl"
12:52:00,681 DEBUG freemarker.cache<strong>{1}</strong>:45 - Couldn't find template in cache for "exception-view/exception-view.ftl"("en", UTF-8, parsed); will try to load it.
12:52:00,687 DEBUG freemarker.cache<strong>{1}</strong>:45 - TemplateLoader.findTemplateSource("exception-view/exception-view_en.ftl"): Not found
12:52:00,687 DEBUG freemarker.cache<strong>{1}</strong>:45 - TemplateLoader.findTemplateSource("exception-view/exception-view.ftl"): Found
12:52:00,687 DEBUG freemarker.cache<strong>{1}</strong>:45 - Loading template for "exception-view/exception-view.ftl"("en", UTF-8, parsed) from "jar:file:/home/parvathavarthini/.gradle/caches/modules-2/files-2.1/com.aventstack/extentreports/3.1.1/36ce19ec9fe381bc0c0574857fa6dbb332c87858/extentreports-3.1.1.jar!/com/aventstack/extentreports/view/html-report/exception-view/exception-view.ftl"
12:52:00,689 DEBUG freemarker.cache<strong>{1}</strong>:45 - Couldn't find template in cache for "dashboard-view/dashboard-view.ftl"("en", UTF-8, parsed); will try to load it.
12:52:00,689 DEBUG freemarker.cache<strong>{1}</strong>:45 - TemplateLoader.findTemplateSource("dashboard-view/dashboard-view_en.ftl"): Not found
12:52:00,690 DEBUG freemarker.cache<strong>{1}</strong>:45 - TemplateLoader.findTemplateSource("dashboard-view/dashboard-view.ftl"): Found
12:52:00,690 DEBUG freemarker.cache<strong>{1}</strong>:45 - Loading template for "dashboard-view/dashboard-view.ftl"("en", UTF-8, parsed) from "jar:file:/home/parvathavarthini/.gradle/caches/modules-2/files-2.1/com.aventstack/extentreports/3.1.1/36ce19ec9fe381bc0c0574857fa6dbb332c87858/extentreports-3.1.1.jar!/com/aventstack/extentreports/view/html-report/dashboard-view/dashboard-view.ftl"
12:52:00,695 DEBUG freemarker.cache<strong>{1}</strong>:45 - Couldn't find template in cache for "logs-view/testrunner-logs-view.ftl"("en", UTF-8, parsed); will try to load it.
12:52:00,695 DEBUG freemarker.cache<strong>{1}</strong>:45 - TemplateLoader.findTemplateSource("logs-view/testrunner-logs-view_en.ftl"): Not found
12:52:00,695 DEBUG freemarker.cache<strong>{1}</strong>:45 - TemplateLoader.findTemplateSource("logs-view/testrunner-logs-view.ftl"): Found
12:52:00,696 DEBUG freemarker.cache<strong>{1}</strong>:45 - Loading template for "logs-view/testrunner-logs-view.ftl"("en", UTF-8, parsed) from "jar:file:/home/parvathavarthini/.gradle/caches/modules-2/files-2.1/com.aventstack/extentreports/3.1.1/36ce19ec9fe381bc0c0574857fa6dbb332c87858/extentreports-3.1.1.jar!/com/aventstack/extentreports/view/html-report/logs-view/testrunner-logs-view.ftl"
